src/app/seeds.txt
com.chinazmob.unlockearn.AppException
com.chinazmob.unlockearn.AppStart
com.chinazmob.unlockearn.AppStart: AppStart()
com.chinazmob.unlockearn.R$anim: int abc_fade_in
com.chinazmob.unlockearn.R$anim: int abc_fade_out
com.chinazmob.unlockearn.R$anim: int abc_slide_in_bottom
com.chinazmob.unlockearn.R$anim: int abc_slide_in_top
com.chinazmob.unlockearn.R$anim: int abc_slide_out_bottom
com.chinazmob.unlockearn.R$anim: int abc_slide_out_top
com.chinazmob.unlockearn.R$attr: int actionBarDivider
com.chinazmob.unlockearn.R$attr: int actionBarItemBackground
com.chinazmob.unlockearn.R$attr: int actionBarPopupTheme
com.chinazmob.unlockearn.R$attr: int actionBarSize
com.chinazmob.unlockearn.R$attr: int actionBarSplitStyle
com.chinazmob.unlockearn.R$attr: int actionBarStyle
com.chinazmob.unlockearn.R$attr: int actionBarTabBarStyle
com.chinazmob.unlockearn.R$attr: int actionBarTabStyle
com.chinazmob.unlockearn.R$attr: int actionBarTabTextStyle
com.chinazmob.unlockearn.R$attr: int actionBarTheme
com.chinazmob.unlockearn.R$attr: int actionBarWidgetTheme
com.chinazmob.unlockearn.R$attr: int actionButtonStyle
com.chinazmob.unlockearn.R$attr: int actionDropDownStyle
com.chinazmob.unlockearn.R$attr: int actionLayout
com.chinazmob.unlockearn.R$attr: int actionMenuTextAppearance
com.chinazmob.unlockearn.R$attr: int actionMenuTextColor
com.chinazmob.unlockearn.R$attr: int actionModeBackground
com.chinazmob.unlockearn.R$attr: int actionModeCloseButtonStyle
com.chinazmob.unlockearn.R$attr: int actionModeCloseDrawable
com.chinazmob.unlockearn.R$attr: int actionModeCopyDrawable
com.chinazmob.unlockearn.R$attr: int actionModeCutDrawable
com.chinazmob.unlockearn.R$attr: int actionModeFindDrawable
com.chinazmob.unlockearn.R$attr: int actionModePasteDrawable
com.chinazmob.unlockearn.R$attr: int actionModePopupWindowStyle
com.chinazmob.unlockearn.R$attr: int actionModeSelectAllDrawable
com.chinazmob.unlockearn.R$bool: int abc_action_bar_embed_tabs
com.chinazmob.unlockearn.R$bool: int abc_action_bar_embed_tabs_pre_jb
com.chinazmob.unlockearn.R$bool: int abc_action_bar_expanded_action_views_exclusive
com.chinazmob.unlockearn.R$bool: int abc_config_actionMenuItemAllCaps
com.chinazmob.unlockearn.R$bool: int abc_config_allowActionMenuItemTextWithIcon
com.chinazmob.unlockearn.R$bool: int abc_config_showMenuShortcutsWhenKeyboardPresent
com.chinazmob.unlockearn.R$color: int abc_background_cache_hint_selector_material_dark
com.chinazmob.unlockearn.R$color: int abc_background_cache_hint_selector_material_light
com.chinazmob.unlockearn.R$color: int abc_input_method_navigation_guard
com.chinazmob.unlockearn.R$color: int abc_primary_text_disable_only_material_dark
com.chinazmob.unlockearn.R$color: int abc_primary_text_disable_only_material_light
com.chinazmob.unlockearn.R$color: int abc_primary_text_material_dark
com.chinazmob.unlockearn.R$color: int abc_primary_text_material_light
com.chinazmob.unlockearn.R$color: int abc_search_url_text
com.chinazmob.unlockearn.R$color: int abc_search_url_text_normal
com.chinazmob.unlockearn.R$color: int abc_search_url_text_pressed
com.chinazmob.unlockearn.R$color: int abc_search_url_text_selected
com.chinazmob.unlockearn.R$color: int abc_secondary_text_material_dark
com.chinazmob.unlockearn.R$color: int abc_secondary_text_material_light
com.chinazmob.unlockearn.R$color: int accent_material_dark
com.chinazmob.unlockearn.R$color: int accent_material_light
com.chinazmob.unlockearn.R$color: int background_floating_material_dark
com.chinazmob.unlockearn.R$color: int background_floating_material_light
com.chinazmob.unlockearn.R$color: int background_material_dark
com.chinazmob.unlockearn.R$color: int background_material_light
com.chinazmob.unlockearn.R$color: int bg_grey
com.chinazmob.unlockearn.R$color: int black
com.chinazmob.unlockearn.R$color: int black_overlay
...
android.support.v7.widget.ActionMenuView
android.support.v7.widget.ActionMenuView: ActionMenuView(android.content.Context)
android.support.v7.widget.ActionMenuView: ActionMenuView(android.content.Context,android.util.AttributeSet)
android.support.v7.widget.ActionMenuView: void setPopupTheme(int)
android.support.v7.widget.ActionMenuView: int getPopupTheme()
android.support.v7.widget.ActionMenuView: void setPresenter(android.support.v7.widget.ActionMenuPresenter)
android.support.v7.widget.ActionMenuView: void setOnMenuItemClickListener(android.support.v7.widget.ActionMenuView$OnMenuItemClickListener)
android.support.v7.widget.ActionMenuView: void setOverflowReserved(boolean)
android.support.v7.widget.ActionMenuView: int getWindowAnimations()
android.support.v7.widget.ActionMenuView: android.view.Menu getMenu()
android.support.v7.widget.ActionMenuView: void setMenuCallbacks(android.support.v7.internal.view.menu.MenuPresenter$Callback,android.support.v7.internal.view.menu.MenuBuilder$Callback)
android.support.v7.widget.ActionMenuView: void setExpandedActionViewsExclusive(boolean)
android.support.v7.widget.ActionMenuView$LayoutParams
android.support.v7.widget.ActionMenuView$LayoutParams: ActionMenuView$LayoutParams(android.content.Context,android.util.AttributeSet)
android.support.v7.widget.LinearLayoutCompat
android.support.v7.widget.LinearLayoutCompat: LinearLayoutCompat(android.content.Context)
android.support.v7.widget.LinearLayoutCompat: LinearLayoutCompat(android.content.Context,android.util.AttributeSet)
android.support.v7.widget.LinearLayoutCompat: LinearLayoutCompat(android.content.Context,android.util.AttributeSet,int)
android.support.v7.widget.LinearLayoutCompat: void setShowDividers(int)
android.support.v7.widget.LinearLayoutCompat: int getShowDividers()
android.support.v7.widget.LinearLayoutCompat: android.graphics.drawable.Drawable getDividerDrawable()
android.support.v7.widget.LinearLayoutCompat: void setDividerDrawable(android.graphics.drawable.Drawable)
android.support.v7.widget.LinearLayoutCompat: void setDividerPadding(int)
android.support.v7.widget.LinearLayoutCompat: int getDividerPadding()
android.support.v7.widget.LinearLayoutCompat: int getDividerWidth()
android.support.v7.widget.LinearLayoutCompat: void setBaselineAligned(boolean)
android.support.v7.widget.LinearLayoutCompat: void setMeasureWithLargestChildEnabled(boolean)
android.support.v7.widget.LinearLayoutCompat: int getBaseline()
android.support.v7.widget.LinearLayoutCompat: int getBaselineAlignedChildIndex()
android.support.v7.widget.LinearLayoutCompat: void setBaselineAlignedChildIndex(int)
android.support.v7.widget.LinearLayoutCompat: int getVirtualChildCount()
android.support.v7.widget.LinearLayoutCompat: float getWeightSum()
android.support.v7.widget.LinearLayoutCompat$LayoutParams
android.support.v7.widget.LinearLayoutCompat$LayoutParams: LinearLayoutCompat$LayoutParams(android.content.Context,android.util.AttributeSet)
android.support.v7.widget.ListPopupWindow
android.support.v7.widget.ListPopupWindow: ListPopupWindow(android.content.Context,android.util.AttributeSet)
android.support.v7.widget.ListPopupWindow: ListPopupWindow(android.content.Context,android.util.AttributeSet,int)