src/app/mapping.txt
com.chinazmob.unlockearn.AppConfig -> com.chinazmob.unlockearn.a:
    android.content.Context APP_CONTEXT -> a
    void setAppContext(android.content.Context) -> a
    android.content.Context getContext() -> a
com.chinazmob.unlockearn.AppInfo -> com.chinazmob.unlockearn.b:
    java.lang.String APP_PACKAGE_NAME -> a
    java.lang.String APP_VERSION -> b
    java.lang.String getAppVersion() -> a
com.chinazmob.unlockearn.AppStart -> com.chinazmob.unlockearn.AppStart:
    int logShowTime -> a
    android.os.Handler mhander -> b
    void onCreate(android.os.Bundle) -> onCreate
    void onResume() -> onResume
    void init() -> a
com.chinazmob.unlockearn.AppStart$1 -> com.chinazmob.unlockearn.c:
    com.chinazmob.unlockearn.AppStart this$0 -> a
    void run() -> run
com.chinazmob.unlockearn.AppStart$Splashhandler -> com.chinazmob.unlockearn.d:
    com.chinazmob.unlockearn.AppStart this$0 -> a
    void run() -> run
com.chinazmob.unlockearn.Interface.ILoginCallback -> com.chinazmob.unlockearn.a.a:
    void success() -> a
    void passwdErr() -> b
    void netErr() -> c
    void exception() -> d
com.chinazmob.unlockearn.Interface.IPostCallback -> com.chinazmob.unlockearn.a.b:
    void success(java.lang.String) -> a
    void failed() -> a
com.chinazmob.unlockearn.base.Account -> com.chinazmob.unlockearn.base.a:
    java.lang.String FUN_CODE_INIT -> a
    java.lang.String FUN_CODE_GET_ACCOUNT_INFO -> b
    com.chinazmob.unlockearn.base.Account INSTANCE -> c
    java.lang.String TOKEN -> d
    boolean misLogin -> e
    com.chinazmob.unlockearn.base.Account getIntstance() -> a
    boolean checkedRegister() -> b
    void register(java.lang.String,java.lang.String,com.chinazmob.unlockearn.Interface.ILoginCallback) -> a
    java.lang.String access$002(java.lang.String) -> a
com.chinazmob.unlockearn.base.Account$1 -> com.chinazmob.unlockearn.base.b:
    com.chinazmob.unlockearn.Interface.ILoginCallback val$callback -> a
    com.chinazmob.unlockearn.base.Account this$0 -> b
    void success(java.lang.String) -> a
    void failed() -> a
com.chinazmob.unlockearn.base.DataBaseManager -> com.chinazmob.unlockearn.base.c:
    com.chinazmob.unlockearn.base.DataBaseManager INSTANCE -> d
    android.database.sqlite.SQLiteDatabase mdb -> a
    com.chinazmob.unlockearn.base.DataBaseManager$DatabaseHelper mdbHelper -> b
    java.lang.String DATABASE_CREATE -> c
    com.chinazmob.unlockearn.base.DataBaseManager getInstance(android.content.Context) -> a
    void open() -> a
    void close() -> b
    boolean updateUserInfo(long,com.chinazmob.unlockearn.base.UserInfo) -> a
com.chinazmob.unlockearn.base.DataBaseManager$DatabaseHelper -> com.chinazmob.unlockearn.base.d:
    void onCreate(android.database.sqlite.SQLiteDatabase) -> onCreate
    void onUpgrade(android.database.sqlite.SQLiteDatabase,int,int) -> onUpgrade
com.chinazmob.unlockearn.base.DeviceInfo -> com.chinazmob.unlockearn.base.DeviceInfo:
    java.lang.String PHONE_MODEL -> a
    java.lang.String PHONE_NUM -> b
    int SDK_VERSION -> c
    java.lang.String APP_NAME -> d
    java.lang.String ANDROID_VERSION -> e
    java.lang.String ANDROID_ID -> f
    java.lang.String BUILDE_NUMBER -> g
    java.lang.String IMEI -> h
    java.lang.String IMSI -> i
    java.lang.String ICCID -> j
    com.chinazmob.unlockearn.base.DeviceInfo$NET_WORK_TYPES NET_WORK_TYPE -> k
    java.lang.String getPhoneModel() -> a
    java.lang.String getPhoneNum() -> b
    java.lang.String getAndroidVersion() -> c
    java.lang.String getAndroidId(android.content.Context) -> a
    java.lang.String getImei() -> d
    java.lang.String getImsi() -> e
    boolean isFastMobileNetwork(android.content.Context) -> c
    com.chinazmob.unlockearn.base.DeviceInfo$NET_WORK_TYPES getNetWorkType(android.content.Context) -> b
...
android.support.v7.internal.widget.TintSpinner -> android.support.v7.internal.widget.TintSpinner:
    int[] TINT_ATTRS -> a
    void setPopupBackgroundDrawableV11(android.widget.Spinner,android.graphics.drawable.Drawable) -> a
android.support.v7.internal.widget.TintTypedArray -> android.support.v7.internal.widget.bd:
    android.content.Context mContext -> a
    android.content.res.TypedArray mWrapped -> b
    android.support.v7.internal.widget.TintManager mTintManager -> c
    android.support.v7.internal.widget.TintTypedArray obtainStyledAttributes(android.content.Context,android.util.AttributeSet,int[],int,int) -> a
    android.graphics.drawable.Drawable getDrawable(int) -> a
    int length() -> a
    java.lang.CharSequence getText(int) -> b
    java.lang.String getString(int) -> c
    boolean getBoolean(int,boolean) -> a
    int getInt(int,int) -> a
    float getFloat(int,float) -> a
    int getInteger(int,int) -> b
    int getDimensionPixelOffset(int,int) -> c
    int getDimensionPixelSize(int,int) -> d
    int getLayoutDimension(int,int) -> e
    int getResourceId(int,int) -> f
    boolean hasValue(int) -> d
    void recycle() -> b
    android.support.v7.internal.widget.TintManager getTintManager() -> c
android.support.v7.internal.widget.ToolbarWidgetWrapper -> android.support.v7.internal.widget.be:
    android.support.v7.widget.Toolbar mToolbar -> a
    int mDisplayOpts -> b
    android.view.View mTabView -> c
    android.view.View mCustomView -> d
    android.graphics.drawable.Drawable mIcon -> e
    android.graphics.drawable.Drawable mLogo -> f
    android.graphics.drawable.Drawable mNavIcon -> g
    boolean mTitleSet -> h
    java.lang.CharSequence mTitle -> i
    java.lang.CharSequence mSubtitle -> j
    java.lang.CharSequence mHomeDescription -> k
    android.support.v7.internal.app.WindowCallback mWindowCallback -> l
    boolean mMenuPrepared -> m
    android.support.v7.widget.ActionMenuPresenter mActionMenuPresenter -> n
    int mNavigationMode -> o
    android.support.v7.internal.widget.TintManager mTintManager -> p
    int mDefaultNavigationContentDescription -> q
    android.graphics.drawable.Drawable mDefaultNavigationIcon -> r
    void setDefaultNavigationContentDescription(int) -> e
    void setDefaultNavigationIcon(android.graphics.drawable.Drawable) -> b
    int detectDisplayOptions() -> r
    android.view.ViewGroup getViewGroup() -> a
    android.content.Context getContext() -> b
    boolean isSplit() -> c
    boolean hasExpandedActionView() -> d
    void collapseActionView() -> e
    void setWindowCallback(android.support.v7.internal.app.WindowCallback) -> a
    void setWindowTitle(java.lang.CharSequence) -> a
    java.lang.CharSequence getTitle() -> f
android.support.v7.internal.widget.ToolbarWidgetWrapper$1 -> android.support.v7.internal.widget.bf:
    android.support.v7.internal.view.menu.ActionMenuItem mNavItem -> a
    android.support.v7.internal.widget.ToolbarWidgetWrapper this$0 -> b
    void onClick(android.view.View) -> onClick
android.support.v7.internal.widget.ToolbarWidgetWrapper$2 -> android.support.v7.internal.widget.bg:
    boolean mCanceled -> b
    android.support.v7.internal.widget.ToolbarWidgetWrapper this$0 -> a
    void onAnimationEnd(android.view.View) -> b
    void onAnimationCancel(android.view.View) -> c
android.support.v7.internal.widget.ToolbarWidgetWrapper$3 -> android.support.v7.internal.widget.bh:
    android.support.v7.internal.widget.ToolbarWidgetWrapper this$0 -> a
    void onAnimationStart(android.view.View) -> a