src/app/unused.txt
com.chinazmob.unlockearn.AppConfig:
    public static final java.lang.String CHANNEL_ID
    public static final java.lang.String SERVER_URL
    8:8:public AppConfig()
com.chinazmob.unlockearn.AppException
com.chinazmob.unlockearn.AppException$1
com.chinazmob.unlockearn.AppInfo:
    9:9:public AppInfo()
    14:17:public static java.lang.String getAppPackageName()
com.chinazmob.unlockearn.AppManager
com.chinazmob.unlockearn.BuildConfig
com.chinazmob.unlockearn.R
com.chinazmob.unlockearn.R$anim
com.chinazmob.unlockearn.R$attr
com.chinazmob.unlockearn.R$bool
com.chinazmob.unlockearn.R$color
com.chinazmob.unlockearn.R$dimen
com.chinazmob.unlockearn.R$drawable
com.chinazmob.unlockearn.R$id
com.chinazmob.unlockearn.R$integer
com.chinazmob.unlockearn.R$layout
com.chinazmob.unlockearn.R$string
com.chinazmob.unlockearn.R$style
com.chinazmob.unlockearn.R$styleable
com.chinazmob.unlockearn.base.Account:
    private static final int RET_CODE_LOGIN_SUCCESS
    private static final int RET_CODE_DATA_NO_REVISE
    private static final int RET_CODE_INVALID_PARAM
    private static final int RET_CODE_NEED_UPDATE
    private static final int RET_CODE_IP_COUNT_LIMIT
    private static final int RET_CODE_IMSI_COUNT_LIMIT
    private static final int RET_CODE_ACCOUNT_FORBID
    private static final int RET_CODE_PASSWD_ERR
    private static final int RET_CODE_UNREGISTER
    private static final int RET_CODE_STOP_ADVERT
    private static final int RET_CODE_UNDOWNLOAD_ADVERT
    private static final int RET_CODE_SETUP_FULL
    private static final int RET_CODE_REDISGRATION_FULL
    55:55:public boolean checkedLogin()
    134:147:public void initAccountInfo(java.lang.String)
com.chinazmob.unlockearn.base.Account$2
com.chinazmob.unlockearn.base.DataBaseManager:
    static final java.lang.String DATABASE_NAME
    static final int DATABASE_VERSION
    static final java.lang.String DATABASE_TABLE
    static final java.lang.String KEY_ID
    static final java.lang.String KEY_NAME
    static final java.lang.String KEY_SEX
    static final java.lang.String KEY_BIRTH
    static final java.lang.String KEY_STATE
    static final java.lang.String KEY_MONEY
    static final java.lang.String KEY_TOTAL_MONEY
    static final java.lang.String KEY_TODAY_MONEY
    static final java.lang.String KEY_RIGHT_BASE_COUNT
    static final java.lang.String KEY_REWARD
    static final java.lang.String KEY_RIGHT_COUNT
    static final java.lang.String KEY_RIGHT_HOUR
com.chinazmob.unlockearn.base.DeviceInfo:
    17:34:public DeviceInfo()
    57:60:public static int getSdkVersion()
    64:75:public static java.lang.String getAppName()
    95:98:public static java.lang.String getBuildNumber()
    122:128:public static java.lang.String getIccid()
com.chinazmob.unlockearn.base.PathManager:
    10:10:public PathManager()
com.chinazmob.unlockearn.base.UiManager:
    11:11:public UiManager()
com.chinazmob.unlockearn.base.UserInfo:
    10:10:public static com.chinazmob.unlockearn.base.UserInfo getInstance()
    75:75:public java.lang.String getPhone()
com.chinazmob.unlockearn.common.FileUtils:
    11:222:public FileUtils()
    48:54:public static boolean createDirectory(java.lang.String)
    63:69:public static boolean checkSaveLocationExists()
    79:80:public static boolean checkExternalSDExists()
    91:119:public static boolean deleteDirectory(java.lang.String)
    130:148:public static boolean deleteFile(java.lang.String)
    159:169:public static int deleteBlankPath(java.lang.String)
    180:181:public static boolean reNamePath(java.lang.String,java.lang.String)
    190:198:public static boolean deleteFileWithPath(java.lang.String)
    208:219:public static void clearFileWithPath(java.lang.String)
com.chinazmob.unlockearn.common.StringUtils:
    9:9:public StringUtils()
com.chinazmob.unlockearn.ui.Unlock:
    private com.chinazmob.unlockearn.ui.UnlockView mlockView
com.chinazmob.unlockearn.ui.UnlockView:
    285:289:private void setTargetViewVisible()
...
android.support.annotation.AnimRes
android.support.annotation.AnimatorRes
android.support.annotation.AnyRes
android.support.annotation.ArrayRes
android.support.annotation.AttrRes
android.support.annotation.BoolRes
android.support.annotation.ColorRes
android.support.annotation.DimenRes
android.support.annotation.DrawableRes
android.support.annotation.FractionRes
android.support.annotation.IdRes
android.support.annotation.IntDef
android.support.annotation.IntegerRes
android.support.annotation.InterpolatorRes
android.support.annotation.LayoutRes
android.support.annotation.MenuRes
android.support.annotation.NonNull
android.support.annotation.Nullable
android.support.annotation.PluralsRes
android.support.annotation.RawRes
android.support.annotation.StringDef
android.support.annotation.StringRes
android.support.annotation.StyleRes
android.support.annotation.StyleableRes
android.support.annotation.XmlRes
android.support.v4.BuildConfig
android.support.v4.accessibilityservice.AccessibilityServiceInfoCompat
android.support.v4.accessibilityservice.AccessibilityServiceInfoCompat$AccessibilityServiceInfoIcsImpl
android.support.v4.accessibilityservice.AccessibilityServiceInfoCompat$AccessibilityServiceInfoJellyBeanMr2
android.support.v4.accessibilityservice.AccessibilityServiceInfoCompat$AccessibilityServiceInfoStubImpl
android.support.v4.accessibilityservice.AccessibilityServiceInfoCompat$AccessibilityServiceInfoVersionImpl
android.support.v4.accessibilityservice.AccessibilityServiceInfoCompatIcs
android.support.v4.accessibilityservice.AccessibilityServiceInfoCompatJellyBeanMr2
android.support.v4.app.ActionBarDrawerToggle
android.support.v4.app.ActionBarDrawerToggle$1
android.support.v4.app.ActionBarDrawerToggle$ActionBarDrawerToggleImpl
android.support.v4.app.ActionBarDrawerToggle$ActionBarDrawerToggleImplBase
android.support.v4.app.ActionBarDrawerToggle$ActionBarDrawerToggleImplHC
android.support.v4.app.ActionBarDrawerToggle$ActionBarDrawerToggleImplJellybeanMR2
android.support.v4.app.ActionBarDrawerToggle$Delegate
android.support.v4.app.ActionBarDrawerToggle$DelegateProvider
android.support.v4.app.ActionBarDrawerToggle$SlideDrawable
android.support.v4.app.ActionBarDrawerToggleHoneycomb
android.support.v4.app.ActionBarDrawerToggleHoneycomb$SetIndicatorInfo
android.support.v4.app.ActionBarDrawerToggleJellybeanMR2
android.support.v4.app.ActivityCompat:
    38:217:public ActivityCompat()
    72:76:public static boolean invalidateOptionsMenu(android.app.Activity)
    97:102:public static void startActivity(android.app.Activity,android.content.Intent,android.os.Bundle)
    126:131:public static void startActivityForResult(android.app.Activity,android.content.Intent,int,android.os.Bundle)
    175:178:public static void setEnterSharedElementCallback(android.app.Activity,android.support.v4.app.SharedElementCallback)
    191:194:public static void setExitSharedElementCallback(android.app.Activity,android.support.v4.app.SharedElementCallback)
    197:200:public static void postponeEnterTransition(android.app.Activity)
    203:206:public static void startPostponedEnterTransition(android.app.Activity)
    210:214:private static android.support.v4.app.ActivityCompat21$SharedElementCallback21 createCallback(android.support.v4.app.SharedElementCallback)
android.support.v4.app.ActivityCompat$SharedElementCallback21Impl